<?xml version="1.0" encoding="UTF-8"?>
<!-- Generated by org.testng.reporters.JUnitReportReporter -->
<testsuite hostname="86c6fb830e74586" failures="0" tests="1" name="Comprehensive.Assignment.AutomationAnywhereTest" time="5.936" errors="0" timestamp="2023-12-19T07:36:36 IST" skipped="0">
  <testcase classname="Comprehensive.Assignment.AutomationAnywhereTest" name="testProcessDiscoveryNavigation" time="5.936"/>
</testsuite> <!-- Comprehensive.Assignment.AutomationAnywhereTest -->
