<?xml version="1.0" encoding="UTF-8"?>
<!-- Generated by org.testng.reporters.JUnitReportReporter -->
<testsuite hostname="86c6fb830e74586" failures="0" tests="1" name="Comprehensive.Assignment.AutomationAnywhereRequestTest" time="4.260" errors="0" timestamp="2023-12-17T19:02:54 IST" skipped="0">
  <testcase classname="Comprehensive.Assignment.AutomationAnywhereRequestTest" name="testRequestDemoNavigation" time="4.260"/>
  <system-out/>
</testsuite> <!-- Comprehensive.Assignment.AutomationAnywhereRequestTest -->
